client/Android/app/build/intermediates/manifest_merge_blame_file/release/processReleaseMainManifest/manifest-merger-blame-release-report.txt
1<?xml version="1.0" encoding="utf-8"?>
2<manifest xmlns:android="http://schemas.android.com/apk/res/android"
3    package="com.mrcwoods.memories"
4    android:versionCode="2"
5    android:versionName="1.1.0" >
6
7    <uses-sdk
8        android:minSdkVersion="23"
9        android:targetSdkVersion="35" />
10
11    <uses-permission android:name="android.permission.INTERNET" />
11-->src/main/AndroidManifest.xml:3:5-67
11-->src/main/AndroidManifest.xml:3:22-64
12    <uses-permission android:name="android.permission.ACCESS_NETWORK_STATE" />
12-->src/main/AndroidManifest.xml:4:5-79
12-->src/main/AndroidManifest.xml:4:22-76
13    <uses-permission android:name="android.permission.SET_WALLPAPER" />
13-->src/main/AndroidManifest.xml:5:5-72
13-->src/main/AndroidManifest.xml:5:22-69
14    <uses-permission android:name="android.permission.POST_NOTIFICATIONS" />
14-->src/main/AndroidManifest.xml:6:5-77
14-->src/main/AndroidManifest.xml:6:22-74
15    <uses-permission
15-->src/main/AndroidManifest.xml:7:5-107
16        android:name="android.permission.READ_EXTERNAL_STORAGE"
16-->src/main/AndroidManifest.xml:7:22-77
17        android:maxSdkVersion="32" />
17-->src/main/AndroidManifest.xml:7:78-104
18    <uses-permission android:name="android.permission.READ_MEDIA_IMAGES" />
18-->src/main/AndroidManifest.xml:8:5-76
18-->src/main/AndroidManifest.xml:8:22-73
19    <uses-permission android:name="android.permission.READ_MEDIA_VIDEO" />
19-->src/main/AndroidManifest.xml:9:5-75
19-->src/main/AndroidManifest.xml:9:22-72
20
21    <application
21-->src/main/AndroidManifest.xml:11:5-27:19
22        android:allowBackup="true"
22-->src/main/AndroidManifest.xml:12:9-35
23        android:extractNativeLibs="false"
24        android:icon="@drawable/ic_app"
24-->src/main/AndroidManifest.xml:13:9-40
25        android:label="Memories"
25-->src/main/AndroidManifest.xml:14:9-33
26        android:roundIcon="@drawable/ic_app"
26-->src/main/AndroidManifest.xml:15:9-45
27        android:supportsRtl="true"
27-->src/main/AndroidManifest.xml:16:9-35
28        android:theme="@style/AppTheme"
28-->src/main/AndroidManifest.xml:17:9-40
29        android:usesCleartextTraffic="true" >
29-->src/main/AndroidManifest.xml:18:9-44
30        <activity
30-->src/main/AndroidManifest.xml:19:9-26:20
31            android:name="com.mrcwoods.memories.MainActivity"
31-->src/main/AndroidManifest.xml:20:13-41
32            android:exported="true" >
32-->src/main/AndroidManifest.xml:21:13-36
33            <intent-filter>
33-->src/main/AndroidManifest.xml:22:13-25:29
34                <action android:name="android.intent.action.MAIN" />
34-->src/main/AndroidManifest.xml:23:17-69
34-->src/main/AndroidManifest.xml:23:25-66
35
36                <category android:name="android.intent.category.LAUNCHER" />
36-->src/main/AndroidManifest.xml:24:17-77
36-->src/main/AndroidManifest.xml:24:27-74
37            </intent-filter>
38        </activity>
39    </application>
40
41</manifest>